Analysis & Synthesis report for music_mem
Sat Jun 21 17:08:55 2025
Quartus II 64-Bit Version 13.1.0 Build 162 10/23/2013 SJ Full Version


---------------------
; Table of Contents ;
---------------------
  1. Legal Notice
  2. Analysis & Synthesis Summary
  3. Analysis & Synthesis Settings
  4. Parallel Compilation
  5. Analysis & Synthesis Source Files Read
  6. Analysis & Synthesis Resource Usage Summary
  7. Analysis & Synthesis Resource Utilization by Entity
  8. Analysis & Synthesis RAM Summary
  9. General Register Statistics
 10. Registers Packed Into Inferred Megafunctions
 11. Source assignments for altsyncram:note_rom_rtl_0|altsyncram_3j71:auto_generated
 12. Parameter Settings for User Entity Instance: Top-level Entity: |music_mem
 13. Parameter Settings for Inferred Entity Instance: altsyncram:note_rom_rtl_0
 14. altsyncram Parameter Settings by Entity Instance
 15. Elapsed Time Per Partition
 16. Analysis & Synthesis Messages



----------------
; Legal Notice ;
----------------
Copyright (C) 1991-2013 Altera Corporation
Your use of Altera Corporation's design tools, logic functions 
and other software and tools, and its AMPP partner logic 
functions, and any output files from any of the foregoing 
(including device programming or simulation files), and any 
associated documentation or information are expressly subject 
to the terms and conditions of the Altera Program License 
Subscription Agreement, Altera MegaCore Function License 
Agreement, or other applicable license agreement, including, 
without limitation, that your use is for the sole purpose of 
programming logic devices manufactured by Altera and sold by 
Altera or its authorized distributors.  Please refer to the 
applicable agreement for further details.



+----------------------------------------------------------------------------------+
; Analysis & Synthesis Summary                                                     ;
+------------------------------------+---------------------------------------------+
; Analysis & Synthesis Status        ; Successful - Sat Jun 21 17:08:55 2025       ;
; Quartus II 64-Bit Version          ; 13.1.0 Build 162 10/23/2013 SJ Full Version ;
; Revision Name                      ; music_mem                                   ;
; Top-level Entity Name              ; music_mem                                   ;
; Family                             ; Cyclone IV GX                               ;
; Total logic elements               ; 6                                           ;
;     Total combinational functions  ; 5                                           ;
;     Dedicated logic registers      ; 1                                           ;
; Total registers                    ; 1                                           ;
; Total pins                         ; 17                                          ;
; Total virtual pins                 ; 0                                           ;
; Total memory bits                  ; 5,120                                       ;
; Embedded Multiplier 9-bit elements ; 0                                           ;
; Total GXB Receiver Channel PCS     ; 0                                           ;
; Total GXB Receiver Channel PMA     ; 0                                           ;
; Total GXB Transmitter Channel PCS  ; 0                                           ;
; Total GXB Transmitter Channel PMA  ; 0                                           ;
; Total PLLs                         ; 0                                           ;
+------------------------------------+---------------------------------------------+


+----------------------------------------------------------------------------------------------------------------------+
; Analysis & Synthesis Settings                                                                                        ;
+----------------------------------------------------------------------------+--------------------+--------------------+
; Option                                                                     ; Setting            ; Default Value      ;
+----------------------------------------------------------------------------+--------------------+--------------------+
; Top-level entity name                                                      ; music_mem          ; music_mem          ;
; Family name                                                                ; Cyclone IV GX      ; Cyclone IV GX      ;
; Use smart compilation                                                      ; Off                ; Off                ;
; Enable parallel Assembler and TimeQuest Timing Analyzer during compilation ; On                 ; On                 ;
; Enable compact report table                                                ; Off                ; Off                ;
; Restructure Multiplexers                                                   ; Auto               ; Auto               ;
; Create Debugging Nodes for IP Cores                                        ; Off                ; Off                ;
; Preserve fewer node names                                                  ; On                 ; On                 ;
; Disable OpenCore Plus hardware evaluation                                  ; Off                ; Off                ;
; Verilog Version                                                            ; Verilog_2001       ; Verilog_2001       ;
; VHDL Version                                                               ; VHDL_1993          ; VHDL_1993          ;
; State Machine Processing                                                   ; Auto               ; Auto               ;
; Safe State Machine                                                         ; Off                ; Off                ;
; Extract Verilog State Machines                                             ; On                 ; On                 ;
; Extract VHDL State Machines                                                ; On                 ; On                 ;
; Ignore Verilog initial constructs                                          ; Off                ; Off                ;
; Iteration limit for constant Verilog loops                                 ; 5000               ; 5000               ;
; Iteration limit for non-constant Verilog loops                             ; 250                ; 250                ;
; Add Pass-Through Logic to Inferred RAMs                                    ; On                 ; On                 ;
; Infer RAMs from Raw Logic                                                  ; On                 ; On                 ;
; Parallel Synthesis                                                         ; On                 ; On                 ;
; DSP Block Balancing                                                        ; Auto               ; Auto               ;
; NOT Gate Push-Back                                                         ; On                 ; On                 ;
; Power-Up Don't Care                                                        ; On                 ; On                 ;
; Remove Redundant Logic Cells                                               ; Off                ; Off                ;
; Remove Duplicate Registers                                                 ; On                 ; On                 ;
; Ignore CARRY Buffers                                                       ; Off                ; Off                ;
; Ignore CASCADE Buffers                                                     ; Off                ; Off                ;
; Ignore GLOBAL Buffers                                                      ; Off                ; Off                ;
; Ignore ROW GLOBAL Buffers                                                  ; Off                ; Off                ;
; Ignore LCELL Buffers                                                       ; Off                ; Off                ;
; Ignore SOFT Buffers                                                        ; On                 ; On                 ;
; Limit AHDL Integers to 32 Bits                                             ; Off                ; Off                ;
; Optimization Technique                                                     ; Balanced           ; Balanced           ;
; Carry Chain Length                                                         ; 70                 ; 70                 ;
; Auto Carry Chains                                                          ; On                 ; On                 ;
; Auto Open-Drain Pins                                                       ; On                 ; On                 ;
; Perform WYSIWYG Primitive Resynthesis                                      ; Off                ; Off                ;
; Auto ROM Replacement                                                       ; On                 ; On                 ;
; Auto RAM Replacement                                                       ; On                 ; On                 ;
; Auto DSP Block Replacement                                                 ; On                 ; On                 ;
; Auto Shift Register Replacement                                            ; Auto               ; Auto               ;
; Allow Shift Register Merging across Hierarchies                            ; Auto               ; Auto               ;
; Auto Clock Enable Replacement                                              ; On                 ; On                 ;
; Strict RAM Replacement                                                     ; Off                ; Off                ;
; Allow Synchronous Control Signals                                          ; On                 ; On                 ;
; Force Use of Synchronous Clear Signals                                     ; Off                ; Off                ;
; Auto RAM Block Balancing                                                   ; On                 ; On                 ;
; Auto RAM to Logic Cell Conversion                                          ; Off                ; Off                ;
; Auto Resource Sharing                                                      ; Off                ; Off                ;
; Allow Any RAM Size For Recognition                                         ; Off                ; Off                ;
; Allow Any ROM Size For Recognition                                         ; Off                ; Off                ;
; Allow Any Shift Register Size For Recognition                              ; Off                ; Off                ;
; Use LogicLock Constraints during Resource Balancing                        ; On                 ; On                 ;
; Ignore translate_off and synthesis_off directives                          ; Off                ; Off                ;
; Timing-Driven Synthesis                                                    ; On                 ; On                 ;
; Report Parameter Settings                                                  ; On                 ; On                 ;
; Report Source Assignments                                                  ; On                 ; On                 ;
; Report Connectivity Checks                                                 ; On                 ; On                 ;
; Ignore Maximum Fan-Out Assignments                                         ; Off                ; Off                ;
; Synchronization Register Chain Length                                      ; 2                  ; 2                  ;
; PowerPlay Power Optimization                                               ; Normal compilation ; Normal compilation ;
; HDL message level                                                          ; Level2             ; Level2             ;
; Suppress Register Optimization Related Messages                            ; Off                ; Off                ;
; Number of Removed Registers Reported in Synthesis Report                   ; 5000               ; 5000               ;
; Number of Swept Nodes Reported in Synthesis Report                         ; 5000               ; 5000               ;
; Number of Inverted Registers Reported in Synthesis Report                  ; 100                ; 100                ;
; Clock MUX Protection                                                       ; On                 ; On                 ;
; Auto Gated Clock Conversion                                                ; Off                ; Off                ;
; Block Design Naming                                                        ; Auto               ; Auto               ;
; SDC constraint protection                                                  ; Off                ; Off                ;
; Synthesis Effort                                                           ; Auto               ; Auto               ;
; Shift Register Replacement - Allow Asynchronous Clear Signal               ; On                 ; On                 ;
; Pre-Mapping Resynthesis Optimization                                       ; Off                ; Off                ;
; Analysis & Synthesis Message Level                                         ; Medium             ; Medium             ;
; Disable Register Merging Across Hierarchies                                ; Auto               ; Auto               ;
; Resource Aware Inference For Block RAM                                     ; On                 ; On                 ;
; Synthesis Seed                                                             ; 1                  ; 1                  ;
+----------------------------------------------------------------------------+--------------------+--------------------+


+------------------------------------------+
; Parallel Compilation                     ;
+----------------------------+-------------+
; Processors                 ; Number      ;
+----------------------------+-------------+
; Number detected on machine ; 24          ;
; Maximum allowed            ; 16          ;
;                            ;             ;
; Average used               ; 1.00        ;
; Maximum used               ; 1           ;
;                            ;             ;
; Usage by Processor         ; % Time Used ;
;     Processor 1            ; 100.0%      ;
;     Processors 2-24        ;   0.0%      ;
+----------------------------+-------------+


+-----------------------------------------------------------------------------------------------------------------------------------------------------------------------------------------------------------------+
; Analysis & Synthesis Source Files Read                                                                                                                                                                          ;
+----------------------------------------------+-----------------+-------------------------------------------------------+------------------------------------------------------------------------------+---------+
; File Name with User-Entered Path             ; Used in Netlist ; File Type                                             ; File Name with Absolute Path                                                 ; Library ;
+----------------------------------------------+-----------------+-------------------------------------------------------+------------------------------------------------------------------------------+---------+
; music_mem.v                                  ; yes             ; User Verilog HDL File                                 ; E:/QuartusDate/keshe1/music_mem/music_mem.v                                  ;         ;
; altsyncram.tdf                               ; yes             ; Megafunction                                          ; e:/quartus/quartus/libraries/megafunctions/altsyncram.tdf                    ;         ;
; stratix_ram_block.inc                        ; yes             ; Megafunction                                          ; e:/quartus/quartus/libraries/megafunctions/stratix_ram_block.inc             ;         ;
; lpm_mux.inc                                  ; yes             ; Megafunction                                          ; e:/quartus/quartus/libraries/megafunctions/lpm_mux.inc                       ;         ;
; lpm_decode.inc                               ; yes             ; Megafunction                                          ; e:/quartus/quartus/libraries/megafunctions/lpm_decode.inc                    ;         ;
; aglobal131.inc                               ; yes             ; Megafunction                                          ; e:/quartus/quartus/libraries/megafunctions/aglobal131.inc                    ;         ;
; a_rdenreg.inc                                ; yes             ; Megafunction                                          ; e:/quartus/quartus/libraries/megafunctions/a_rdenreg.inc                     ;         ;
; altrom.inc                                   ; yes             ; Megafunction                                          ; e:/quartus/quartus/libraries/megafunctions/altrom.inc                        ;         ;
; altram.inc                                   ; yes             ; Megafunction                                          ; e:/quartus/quartus/libraries/megafunctions/altram.inc                        ;         ;
; altdpram.inc                                 ; yes             ; Megafunction                                          ; e:/quartus/quartus/libraries/megafunctions/altdpram.inc                      ;         ;
; db/altsyncram_3j71.tdf                       ; yes             ; Auto-Generated Megafunction                           ; E:/QuartusDate/keshe1/music_mem/db/altsyncram_3j71.tdf                       ;         ;
; db/music_mem.ram0_music_mem_a2c4a5a4.hdl.mif ; yes             ; Auto-Generated Auto-Found Memory Initialization File  ; E:/QuartusDate/keshe1/music_mem/db/music_mem.ram0_music_mem_a2c4a5a4.hdl.mif ;         ;
+----------------------------------------------+-----------------+-------------------------------------------------------+------------------------------------------------------------------------------+---------+


+---------------------------------------------+
; Analysis & Synthesis Resource Usage Summary ;
+--------------------------+------------------+
; Resource                 ; Usage            ;
+--------------------------+------------------+
; I/O pins                 ; 17               ;
; Total memory bits        ; 5120             ;
; DSP block 9-bit elements ; 0                ;
; Maximum fan-out node     ; clk~input        ;
; Maximum fan-out          ; 6                ;
; Total fan-out            ; 89               ;
; Average fan-out          ; 1.98             ;
+--------------------------+------------------+


+-----------------------------------------------------------------------------------------------------------------------------------------------------------------------------------------------------------------------------------------------------+
; Analysis & Synthesis Resource Utilization by Entity                                                                                                                                                                                                 ;
+----------------------------------------+-------------------+--------------+-------------+--------------+---------+-----------+-----------+------+--------------+---------------------------------------------------------------------+--------------+
; Compilation Hierarchy Node             ; LC Combinationals ; LC Registers ; Memory Bits ; DSP Elements ; DSP 9x9 ; DSP 18x18 ; DSP 36x36 ; Pins ; Virtual Pins ; Full Hierarchy Name                                                 ; Library Name ;
+----------------------------------------+-------------------+--------------+-------------+--------------+---------+-----------+-----------+------+--------------+---------------------------------------------------------------------+--------------+
; |music_mem                             ; 5 (5)             ; 1 (1)        ; 5120        ; 0            ; 0       ; 0         ; 0         ; 17   ; 0            ; |music_mem                                                          ; work         ;
;    |altsyncram:note_rom_rtl_0|         ; 0 (0)             ; 0 (0)        ; 5120        ; 0            ; 0       ; 0         ; 0         ; 0    ; 0            ; |music_mem|altsyncram:note_rom_rtl_0                                ; work         ;
;       |altsyncram_3j71:auto_generated| ; 0 (0)             ; 0 (0)        ; 5120        ; 0            ; 0       ; 0         ; 0         ; 0    ; 0            ; |music_mem|altsyncram:note_rom_rtl_0|altsyncram_3j71:auto_generated ; work         ;
+----------------------------------------+-------------------+--------------+-------------+--------------+---------+-----------+-----------+------+--------------+---------------------------------------------------------------------+--------------+
Note: For table entries with two numbers listed, the numbers in parentheses indicate the number of resources of the given type used by the specific entity alone. The numbers listed outside of parentheses indicate the total resources of the given type used by the specific entity and all of its sub-entities in the hierarchy.


+-----------------------------------------------------------------------------------------------------------------------------------------------------------------------------------------------------+
; Analysis & Synthesis RAM Summary                                                                                                                                                                    ;
+---------------------------------------------------------------------+------+------+--------------+--------------+--------------+--------------+------+----------------------------------------------+
; Name                                                                ; Type ; Mode ; Port A Depth ; Port A Width ; Port B Depth ; Port B Width ; Size ; MIF                                          ;
+---------------------------------------------------------------------+------+------+--------------+--------------+--------------+--------------+------+----------------------------------------------+
; altsyncram:note_rom_rtl_0|altsyncram_3j71:auto_generated|ALTSYNCRAM ; AUTO ; ROM  ; 1024         ; 5            ; --           ; --           ; 5120 ; db/music_mem.ram0_music_mem_a2c4a5a4.hdl.mif ;
+---------------------------------------------------------------------+------+------+--------------+--------------+--------------+--------------+------+----------------------------------------------+


+------------------------------------------------------+
; General Register Statistics                          ;
+----------------------------------------------+-------+
; Statistic                                    ; Value ;
+----------------------------------------------+-------+
; Total registers                              ; 1     ;
; Number of registers using Synchronous Clear  ; 0     ;
; Number of registers using Synchronous Load   ; 0     ;
; Number of registers using Asynchronous Clear ; 1     ;
; Number of registers using Asynchronous Load  ; 0     ;
; Number of registers using Clock Enable       ; 0     ;
; Number of registers using Preset             ; 0     ;
+----------------------------------------------+-------+


+----------------------------------------------+
; Registers Packed Into Inferred Megafunctions ;
+---------------+----------------+-------------+
; Register Name ; Megafunction   ; Type        ;
+---------------+----------------+-------------+
; music[0]~reg0 ; note_rom_rtl_0 ; RAM         ;
; music[1]~reg0 ; note_rom_rtl_0 ; RAM         ;
; music[2]~reg0 ; note_rom_rtl_0 ; RAM         ;
; music[3]~reg0 ; note_rom_rtl_0 ; RAM         ;
; music[4]~reg0 ; note_rom_rtl_0 ; RAM         ;
+---------------+----------------+-------------+


+---------------------------------------------------------------------------------+
; Source assignments for altsyncram:note_rom_rtl_0|altsyncram_3j71:auto_generated ;
+---------------------------------+--------------------+------+-------------------+
; Assignment                      ; Value              ; From ; To                ;
+---------------------------------+--------------------+------+-------------------+
; OPTIMIZE_POWER_DURING_SYNTHESIS ; NORMAL_COMPILATION ; -    ; -                 ;
+---------------------------------+--------------------+------+-------------------+


+---------------------------------------------------------------------------+
; Parameter Settings for User Entity Instance: Top-level Entity: |music_mem ;
+----------------+-------+--------------------------------------------------+
; Parameter Name ; Value ; Type                                             ;
+----------------+-------+--------------------------------------------------+
; SIL            ; 00000 ; Unsigned Binary                                  ;
; LOW_C          ; 00001 ; Unsigned Binary                                  ;
; LOW_D          ; 00010 ; Unsigned Binary                                  ;
; LOW_E          ; 00011 ; Unsigned Binary                                  ;
; LOW_F          ; 00100 ; Unsigned Binary                                  ;
; LOW_G          ; 00101 ; Unsigned Binary                                  ;
; LOW_A          ; 00110 ; Unsigned Binary                                  ;
; LOW_B          ; 00111 ; Unsigned Binary                                  ;
; MID_C          ; 01001 ; Unsigned Binary                                  ;
; MID_D          ; 01010 ; Unsigned Binary                                  ;
; MID_E          ; 01011 ; Unsigned Binary                                  ;
; MID_F          ; 01100 ; Unsigned Binary                                  ;
; MID_G          ; 01101 ; Unsigned Binary                                  ;
; MID_A          ; 01110 ; Unsigned Binary                                  ;
; MID_B          ; 01111 ; Unsigned Binary                                  ;
; HIGH_C         ; 10001 ; Unsigned Binary                                  ;
; HIGH_D         ; 10010 ; Unsigned Binary                                  ;
; HIGH_E         ; 10011 ; Unsigned Binary                                  ;
; HIGH_F         ; 10100 ; Unsigned Binary                                  ;
; HIGH_G         ; 10101 ; Unsigned Binary                                  ;
; HIGH_A         ; 10110 ; Unsigned Binary                                  ;
; HIGH_B         ; 10111 ; Unsigned Binary                                  ;
; HIGH_C2        ; 11001 ; Unsigned Binary                                  ;
+----------------+-------+--------------------------------------------------+
Note: In order to hide this table in the UI and the text report file, please set the "Show Parameter Settings in Synthesis Report" option in "Analysis and Synthesis Settings -> More Settings" to "Off".


+----------------------------------------------------------------------------------------------------+
; Parameter Settings for Inferred Entity Instance: altsyncram:note_rom_rtl_0                         ;
+------------------------------------+----------------------------------------------+----------------+
; Parameter Name                     ; Value                                        ; Type           ;
+------------------------------------+----------------------------------------------+----------------+
; BYTE_SIZE_BLOCK                    ; 8                                            ; Untyped        ;
; AUTO_CARRY_CHAINS                  ; ON                                           ; AUTO_CARRY     ;
; IGNORE_CARRY_BUFFERS               ; OFF                                          ; IGNORE_CARRY   ;
; AUTO_CASCADE_CHAINS                ; ON                                           ; AUTO_CASCADE   ;
; IGNORE_CASCADE_BUFFERS             ; OFF                                          ; IGNORE_CASCADE ;
; WIDTH_BYTEENA                      ; 1                                            ; Untyped        ;
; OPERATION_MODE                     ; ROM                                          ; Untyped        ;
; WIDTH_A                            ; 5                                            ; Untyped        ;
; WIDTHAD_A                          ; 10                                           ; Untyped        ;
; NUMWORDS_A                         ; 1024                                         ; Untyped        ;
; OUTDATA_REG_A                      ; UNREGISTERED                                 ; Untyped        ;
; ADDRESS_ACLR_A                     ; NONE                                         ; Untyped        ;
; OUTDATA_ACLR_A                     ; NONE                                         ; Untyped        ;
; WRCONTROL_ACLR_A                   ; NONE                                         ; Untyped        ;
; INDATA_ACLR_A                      ; NONE                                         ; Untyped        ;
; BYTEENA_ACLR_A                     ; NONE                                         ; Untyped        ;
; WIDTH_B                            ; 1                                            ; Untyped        ;
; WIDTHAD_B                          ; 1                                            ; Untyped        ;
; NUMWORDS_B                         ; 1                                            ; Untyped        ;
; INDATA_REG_B                       ; CLOCK1                                       ; Untyped        ;
; WRCONTROL_WRADDRESS_REG_B          ; CLOCK1                                       ; Untyped        ;
; RDCONTROL_REG_B                    ; CLOCK1                                       ; Untyped        ;
; ADDRESS_REG_B                      ; CLOCK1                                       ; Untyped        ;
; OUTDATA_REG_B                      ; UNREGISTERED                                 ; Untyped        ;
; BYTEENA_REG_B                      ; CLOCK1                                       ; Untyped        ;
; INDATA_ACLR_B                      ; NONE                                         ; Untyped        ;
; WRCONTROL_ACLR_B                   ; NONE                                         ; Untyped        ;
; ADDRESS_ACLR_B                     ; NONE                                         ; Untyped        ;
; OUTDATA_ACLR_B                     ; NONE                                         ; Untyped        ;
; RDCONTROL_ACLR_B                   ; NONE                                         ; Untyped        ;
; BYTEENA_ACLR_B                     ; NONE                                         ; Untyped        ;
; WIDTH_BYTEENA_A                    ; 1                                            ; Untyped        ;
; WIDTH_BYTEENA_B                    ; 1                                            ; Untyped        ;
; RAM_BLOCK_TYPE                     ; AUTO                                         ; Untyped        ;
; BYTE_SIZE                          ; 8                                            ; Untyped        ;
; READ_DURING_WRITE_MODE_MIXED_PORTS ; DONT_CARE                                    ; Untyped        ;
; READ_DURING_WRITE_MODE_PORT_A      ; NEW_DATA_NO_NBE_READ                         ; Untyped        ;
; READ_DURING_WRITE_MODE_PORT_B      ; NEW_DATA_NO_NBE_READ                         ; Untyped        ;
; INIT_FILE                          ; db/music_mem.ram0_music_mem_a2c4a5a4.hdl.mif ; Untyped        ;
; INIT_FILE_LAYOUT                   ; PORT_A                                       ; Untyped        ;
; MAXIMUM_DEPTH                      ; 0                                            ; Untyped        ;
; CLOCK_ENABLE_INPUT_A               ; NORMAL                                       ; Untyped        ;
; CLOCK_ENABLE_INPUT_B               ; NORMAL                                       ; Untyped        ;
; CLOCK_ENABLE_OUTPUT_A              ; NORMAL                                       ; Untyped        ;
; CLOCK_ENABLE_OUTPUT_B              ; NORMAL                                       ; Untyped        ;
; CLOCK_ENABLE_CORE_A                ; USE_INPUT_CLKEN                              ; Untyped        ;
; CLOCK_ENABLE_CORE_B                ; USE_INPUT_CLKEN                              ; Untyped        ;
; ENABLE_ECC                         ; FALSE                                        ; Untyped        ;
; ECC_PIPELINE_STAGE_ENABLED         ; FALSE                                        ; Untyped        ;
; WIDTH_ECCSTATUS                    ; 3                                            ; Untyped        ;
; DEVICE_FAMILY                      ; Cyclone IV GX                                ; Untyped        ;
; CBXI_PARAMETER                     ; altsyncram_3j71                              ; Untyped        ;
+------------------------------------+----------------------------------------------+----------------+
Note: In order to hide this table in the UI and the text report file, please set the "Show Parameter Settings in Synthesis Report" option in "Analysis and Synthesis Settings -> More Settings" to "Off".


+-----------------------------------------------------------------------+
; altsyncram Parameter Settings by Entity Instance                      ;
+-------------------------------------------+---------------------------+
; Name                                      ; Value                     ;
+-------------------------------------------+---------------------------+
; Number of entity instances                ; 1                         ;
; Entity Instance                           ; altsyncram:note_rom_rtl_0 ;
;     -- OPERATION_MODE                     ; ROM                       ;
;     -- WIDTH_A                            ; 5                         ;
;     -- NUMWORDS_A                         ; 1024                      ;
;     -- OUTDATA_REG_A                      ; UNREGISTERED              ;
;     -- WIDTH_B                            ; 1                         ;
;     -- NUMWORDS_B                         ; 1                         ;
;     -- ADDRESS_REG_B                      ; CLOCK1                    ;
;     -- OUTDATA_REG_B                      ; UNREGISTERED              ;
;     -- RAM_BLOCK_TYPE                     ; AUTO                      ;
;     -- READ_DURING_WRITE_MODE_MIXED_PORTS ; DONT_CARE                 ;
+-------------------------------------------+---------------------------+


+-------------------------------+
; Elapsed Time Per Partition    ;
+----------------+--------------+
; Partition Name ; Elapsed Time ;
+----------------+--------------+
; Top            ; 00:00:00     ;
+----------------+--------------+


+-------------------------------+
; Analysis & Synthesis Messages ;
+-------------------------------+
Info: *******************************************************************
Info: Running Quartus II 64-Bit Analysis & Synthesis
    Info: Version 13.1.0 Build 162 10/23/2013 SJ Full Version
    Info: Processing started: Sat Jun 21 17:08:54 2025
Info: Command: quartus_map --read_settings_files=on --write_settings_files=off music_mem -c music_mem
Info (11104): Parallel Compilation has detected 24 hyper-threaded processors. However, the extra hyper-threaded processors will not be used by default. Parallel Compilation will use 16 of the 16 physical processors detected instead.
Info (12021): Found 1 design units, including 1 entities, in source file music_mem.v
    Info (12023): Found entity 1: music_mem
Info (12127): Elaborating entity "music_mem" for the top level hierarchy
Warning (10030): Net "note_rom.data_a" at music_mem.v(11) has no driver or initial value, using a default initial value '0'
Warning (10030): Net "note_rom.waddr_a" at music_mem.v(11) has no driver or initial value, using a default initial value '0'
Warning (10030): Net "note_rom.we_a" at music_mem.v(11) has no driver or initial value, using a default initial value '0'
Info (19000): Inferred 1 megafunctions from design logic
    Info (276029): Inferred altsyncram megafunction from the following design logic: "note_rom_rtl_0" 
        Info (286033): Parameter OPERATION_MODE set to ROM
        Info (286033): Parameter WIDTH_A set to 5
        Info (286033): Parameter WIDTHAD_A set to 10
        Info (286033): Parameter NUMWORDS_A set to 1024
        Info (286033): Parameter OUTDATA_REG_A set to UNREGISTERED
        Info (286033): Parameter ADDRESS_ACLR_A set to NONE
        Info (286033): Parameter OUTDATA_ACLR_A set to NONE
        Info (286033): Parameter INDATA_ACLR_A set to NONE
        Info (286033): Parameter WRCONTROL_ACLR_A set to NONE
        Info (286033): Parameter INIT_FILE set to db/music_mem.ram0_music_mem_a2c4a5a4.hdl.mif
Info (12130): Elaborated megafunction instantiation "altsyncram:note_rom_rtl_0"
Info (12133): Instantiated megafunction "altsyncram:note_rom_rtl_0" with the following parameter:
    Info (12134): Parameter "OPERATION_MODE" = "ROM"
    Info (12134): Parameter "WIDTH_A" = "5"
    Info (12134): Parameter "WIDTHAD_A" = "10"
    Info (12134): Parameter "NUMWORDS_A" = "1024"
    Info (12134): Parameter "OUTDATA_REG_A" = "UNREGISTERED"
    Info (12134): Parameter "ADDRESS_ACLR_A" = "NONE"
    Info (12134): Parameter "OUTDATA_ACLR_A" = "NONE"
    Info (12134): Parameter "INDATA_ACLR_A" = "NONE"
    Info (12134): Parameter "WRCONTROL_ACLR_A" = "NONE"
    Info (12134): Parameter "INIT_FILE" = "db/music_mem.ram0_music_mem_a2c4a5a4.hdl.mif"
Info (12021): Found 1 design units, including 1 entities, in source file db/altsyncram_3j71.tdf
    Info (12023): Found entity 1: altsyncram_3j71
Info (286030): Timing-Driven Synthesis is running
Info (16010): Generating hard_block partition "hard_block:auto_generated_inst"
    Info (16011): Adding 0 node(s), including 0 DDIO, 0 PLL, 0 transceiver and 0 LCELL
Info (21057): Implemented 28 device resources after synthesis - the final resource count might be different
    Info (21058): Implemented 12 input pins
    Info (21059): Implemented 5 output pins
    Info (21061): Implemented 6 logic cells
    Info (21064): Implemented 5 RAM segments
Info: Quartus II 64-Bit Analysis & Synthesis was successful. 0 errors, 3 warnings
    Info: Peak virtual memory: 4733 megabytes
    Info: Processing ended: Sat Jun 21 17:08:55 2025
    Info: Elapsed time: 00:00:01
    Info: Total CPU time (on all processors): 00:00:01


